<?xml version="1.0" encoding="UTF-8"?>
<!-- Generated by org.testng.reporters.JUnitXMLReporter -->
<testsuite ignored="2" hostname="Chaitra" failures="1" tests="2" name="Test" time="37.609" errors="0" timestamp="2023-09-14T18:28:07 IST">
  <testcase classname="com.testscripts.demoblazeweb.Login" name="Demo" time="0.028"/>
  <testcase classname="com.testscripts.demoblazeweb.AddToCart" name="addToCartTest1" time="3.72">
    <failure type="java.lang.AssertionError" message="null">
      <![CDATA[java.lang.AssertionError: null
at com.testscripts.demoblazeweb.AddToCart.addToCartTest1(AddToCart.java:58)
at java.base/java.util.ArrayList.forEach(ArrayList.java:1511)
... Removed 29 stack frames]]>
    </failure>
  </testcase> <!-- addToCartTest1 -->
  <testcase classname="com.genericlib.demoblazeweb.Base" name="@BeforeTest configBT" time="0.0">
    <ignored/>
  </testcase> <!-- @BeforeTest configBT -->
  <testcase classname="com.genericlib.demoblazeweb.Base" name="@AfterTest configAT" time="0.0">
    <ignored/>
  </testcase> <!-- @AfterTest configAT -->
</testsuite> <!-- Test -->
